[2025-05-29 18:02:56 +0000] [603037] [INFO] Starting gunicorn 23.0.0
[2025-05-29 18:02:56 +0000] [603037] [INFO] Listening at: http://10.200.14.82:8005 (603037)
[2025-05-29 18:02:56 +0000] [603037] [INFO] Using worker: eventlet
[2025-05-29 18:02:56 +0000] [603038] [INFO] Booting worker with pid: 603038
[2025-05-29 18:02:56 +0000] [603039] [INFO] Booting worker with pid: 603039
[2025-05-29 18:02:56 +0000] [603038] [ERROR] Exception in worker process
Traceback (most recent call last):
  File "/home/munishlohani/test/ChatDKU/chatdku/.venv/lib/python3.12/site-packages/gunicorn/arbiter.py", line 608, in spawn_worker
    worker.init_process()
  File "/home/munishlohani/test/ChatDKU/chatdku/.venv/lib/python3.12/site-packages/gunicorn/workers/geventlet.py", line 142, in init_process
    super().init_process()
  File "/home/munishlohani/test/ChatDKU/chatdku/.venv/lib/python3.12/site-packages/gunicorn/workers/base.py", line 135, in init_process
    self.load_wsgi()
  File "/home/munishlohani/test/ChatDKU/chatdku/.venv/lib/python3.12/site-packages/gunicorn/workers/base.py", line 147, in load_wsgi
    self.wsgi = self.app.wsgi()
                ^^^^^^^^^^^^^^^
  File "/home/munishlohani/test/ChatDKU/chatdku/.venv/lib/python3.12/site-packages/gunicorn/app/base.py", line 66, in wsgi
    self.callable = self.load()
                    ^^^^^^^^^^^
  File "/home/munishlohani/test/ChatDKU/chatdku/.venv/lib/python3.12/site-packages/gunicorn/app/wsgiapp.py", line 57, in load
    return self.load_wsgiapp()
           ^^^^^^^^^^^^^^^^^^^
  File "/home/munishlohani/test/ChatDKU/chatdku/.venv/lib/python3.12/site-packages/gunicorn/app/wsgiapp.py", line 47, in load_wsgiapp
    return util.import_app(self.app_uri)
           ^^^^^^^^^^^^^^^^^^^^^^^^^^^^^
  File "/home/munishlohani/test/ChatDKU/chatdku/.venv/lib/python3.12/site-packages/gunicorn/util.py", line 370, in import_app
    mod = importlib.import_module(module)
          ^^^^^^^^^^^^^^^^^^^^^^^^^^^^^^^
  File "/usr/lib/python3.12/importlib/__init__.py", line 90, in import_module
    return _bootstrap._gcd_import(name[level:], package, level)
           ^^^^^^^^^^^^^^^^^^^^^^^^^^^^^^^^^^^^^^^^^^^^^^^^^^^^
  File "<frozen importlib._bootstrap>", line 1387, in _gcd_import
  File "<frozen importlib._bootstrap>", line 1360, in _find_and_load
  File "<frozen importlib._bootstrap>", line 1324, in _find_and_load_unlocked
ModuleNotFoundError: No module named 'app'
[2025-05-29 18:02:56 +0000] [603038] [INFO] Worker exiting (pid: 603038)
[2025-05-29 18:02:56 +0000] [603037] [ERROR] Worker (pid:603038) exited with code 3
[2025-05-29 18:02:56 +0000] [603039] [ERROR] Exception in worker process
Traceback (most recent call last):
  File "/home/munishlohani/test/ChatDKU/chatdku/.venv/lib/python3.12/site-packages/gunicorn/arbiter.py", line 608, in spawn_worker
    worker.init_process()
  File "/home/munishlohani/test/ChatDKU/chatdku/.venv/lib/python3.12/site-packages/gunicorn/workers/geventlet.py", line 142, in init_process
    super().init_process()
  File "/home/munishlohani/test/ChatDKU/chatdku/.venv/lib/python3.12/site-packages/gunicorn/workers/base.py", line 135, in init_process
    self.load_wsgi()
  File "/home/munishlohani/test/ChatDKU/chatdku/.venv/lib/python3.12/site-packages/gunicorn/workers/base.py", line 147, in load_wsgi
    self.wsgi = self.app.wsgi()
                ^^^^^^^^^^^^^^^
  File "/home/munishlohani/test/ChatDKU/chatdku/.venv/lib/python3.12/site-packages/gunicorn/app/base.py", line 66, in wsgi
    self.callable = self.load()
                    ^^^^^^^^^^^
  File "/home/munishlohani/test/ChatDKU/chatdku/.venv/lib/python3.12/site-packages/gunicorn/app/wsgiapp.py", line 57, in load
    return self.load_wsgiapp()
           ^^^^^^^^^^^^^^^^^^^
  File "/home/munishlohani/test/ChatDKU/chatdku/.venv/lib/python3.12/site-packages/gunicorn/app/wsgiapp.py", line 47, in load_wsgiapp
    return util.import_app(self.app_uri)
           ^^^^^^^^^^^^^^^^^^^^^^^^^^^^^
  File "/home/munishlohani/test/ChatDKU/chatdku/.venv/lib/python3.12/site-packages/gunicorn/util.py", line 370, in import_app
    mod = importlib.import_module(module)
          ^^^^^^^^^^^^^^^^^^^^^^^^^^^^^^^
  File "/usr/lib/python3.12/importlib/__init__.py", line 90, in import_module
    return _bootstrap._gcd_import(name[level:], package, level)
           ^^^^^^^^^^^^^^^^^^^^^^^^^^^^^^^^^^^^^^^^^^^^^^^^^^^^
  File "<frozen importlib._bootstrap>", line 1387, in _gcd_import
  File "<frozen importlib._bootstrap>", line 1360, in _find_and_load
  File "<frozen importlib._bootstrap>", line 1324, in _find_and_load_unlocked
ModuleNotFoundError: No module named 'app'
[2025-05-29 18:02:56 +0000] [603039] [INFO] Worker exiting (pid: 603039)
[2025-05-29 18:02:57 +0000] [603037] [ERROR] Worker (pid:603039) exited with code 3
Traceback (most recent call last):
  File "/home/munishlohani/test/ChatDKU/chatdku/.venv/lib/python3.12/site-packages/gunicorn/arbiter.py", line 201, in run
    self.manage_workers()
  File "/home/munishlohani/test/ChatDKU/chatdku/.venv/lib/python3.12/site-packages/gunicorn/arbiter.py", line 570, in manage_workers
    self.spawn_workers()
  File "/home/munishlohani/test/ChatDKU/chatdku/.venv/lib/python3.12/site-packages/gunicorn/arbiter.py", line 642, in spawn_workers
    time.sleep(0.1 * random.random())
  File "/home/munishlohani/test/ChatDKU/chatdku/.venv/lib/python3.12/site-packages/gunicorn/arbiter.py", line 241, in handle_chld
    self.reap_workers()
  File "/home/munishlohani/test/ChatDKU/chatdku/.venv/lib/python3.12/site-packages/gunicorn/arbiter.py", line 529, in reap_workers
    raise HaltServer(reason, self.WORKER_BOOT_ERROR)
gunicorn.errors.HaltServer: <HaltServer 'Worker failed to boot.' 3>

During handling of the above exception, another exception occurred:

Traceback (most recent call last):
  File "/home/munishlohani/test/ChatDKU/chatdku/.venv/bin/gunicorn", line 8, in <module>
    sys.exit(run())
             ^^^^^
  File "/home/munishlohani/test/ChatDKU/chatdku/.venv/lib/python3.12/site-packages/gunicorn/app/wsgiapp.py", line 66, in run
    WSGIApplication("%(prog)s [OPTIONS] [APP_MODULE]", prog=prog).run()
  File "/home/munishlohani/test/ChatDKU/chatdku/.venv/lib/python3.12/site-packages/gunicorn/app/base.py", line 235, in run
    super().run()
  File "/home/munishlohani/test/ChatDKU/chatdku/.venv/lib/python3.12/site-packages/gunicorn/app/base.py", line 71, in run
    Arbiter(self).run()
  File "/home/munishlohani/test/ChatDKU/chatdku/.venv/lib/python3.12/site-packages/gunicorn/arbiter.py", line 228, in run
    self.halt(reason=inst.reason, exit_status=inst.exit_status)
  File "/home/munishlohani/test/ChatDKU/chatdku/.venv/lib/python3.12/site-packages/gunicorn/arbiter.py", line 341, in halt
    self.stop()
  File "/home/munishlohani/test/ChatDKU/chatdku/.venv/lib/python3.12/site-packages/gunicorn/arbiter.py", line 395, in stop
    time.sleep(0.1)
  File "/home/munishlohani/test/ChatDKU/chatdku/.venv/lib/python3.12/site-packages/gunicorn/arbiter.py", line 241, in handle_chld
    self.reap_workers()
  File "/home/munishlohani/test/ChatDKU/chatdku/.venv/lib/python3.12/site-packages/gunicorn/arbiter.py", line 529, in reap_workers
    raise HaltServer(reason, self.WORKER_BOOT_ERROR)
gunicorn.errors.HaltServer: <HaltServer 'Worker failed to boot.' 3>
[2025-05-29 18:11:32 +0000] [606424] [INFO] Starting gunicorn 23.0.0
[2025-05-29 18:11:32 +0000] [606424] [INFO] Listening at: http://10.200.14.82:8005 (606424)
[2025-05-29 18:11:32 +0000] [606424] [INFO] Using worker: eventlet
[2025-05-29 18:11:32 +0000] [606425] [INFO] Booting worker with pid: 606425
[2025-05-29 18:11:32 +0000] [606426] [INFO] Booting worker with pid: 606426
[2025-05-29 18:11:32 +0000] [606425] [ERROR] Exception in worker process
Traceback (most recent call last):
  File "/home/munishlohani/test/ChatDKU/chatdku/.venv/lib/python3.12/site-packages/gunicorn/arbiter.py", line 608, in spawn_worker
    worker.init_process()
  File "/home/munishlohani/test/ChatDKU/chatdku/.venv/lib/python3.12/site-packages/gunicorn/workers/geventlet.py", line 142, in init_process
    super().init_process()
  File "/home/munishlohani/test/ChatDKU/chatdku/.venv/lib/python3.12/site-packages/gunicorn/workers/base.py", line 135, in init_process
    self.load_wsgi()
  File "/home/munishlohani/test/ChatDKU/chatdku/.venv/lib/python3.12/site-packages/gunicorn/workers/base.py", line 147, in load_wsgi
    self.wsgi = self.app.wsgi()
                ^^^^^^^^^^^^^^^
  File "/home/munishlohani/test/ChatDKU/chatdku/.venv/lib/python3.12/site-packages/gunicorn/app/base.py", line 66, in wsgi
    self.callable = self.load()
                    ^^^^^^^^^^^
  File "/home/munishlohani/test/ChatDKU/chatdku/.venv/lib/python3.12/site-packages/gunicorn/app/wsgiapp.py", line 57, in load
    return self.load_wsgiapp()
           ^^^^^^^^^^^^^^^^^^^
  File "/home/munishlohani/test/ChatDKU/chatdku/.venv/lib/python3.12/site-packages/gunicorn/app/wsgiapp.py", line 47, in load_wsgiapp
    return util.import_app(self.app_uri)
           ^^^^^^^^^^^^^^^^^^^^^^^^^^^^^
  File "/home/munishlohani/test/ChatDKU/chatdku/.venv/lib/python3.12/site-packages/gunicorn/util.py", line 370, in import_app
    mod = importlib.import_module(module)
          ^^^^^^^^^^^^^^^^^^^^^^^^^^^^^^^
  File "/usr/lib/python3.12/importlib/__init__.py", line 90, in import_module
    return _bootstrap._gcd_import(name[level:], package, level)
           ^^^^^^^^^^^^^^^^^^^^^^^^^^^^^^^^^^^^^^^^^^^^^^^^^^^^
  File "<frozen importlib._bootstrap>", line 1387, in _gcd_import
  File "<frozen importlib._bootstrap>", line 1360, in _find_and_load
  File "<frozen importlib._bootstrap>", line 1324, in _find_and_load_unlocked
ModuleNotFoundError: No module named 'app'
[2025-05-29 18:11:32 +0000] [606425] [INFO] Worker exiting (pid: 606425)
[2025-05-29 18:11:32 +0000] [606427] [INFO] Booting worker with pid: 606427
[2025-05-29 18:11:32 +0000] [606424] [ERROR] Worker (pid:606425) exited with code 3
[2025-05-29 18:11:32 +0000] [606428] [INFO] Booting worker with pid: 606428
[2025-05-29 18:11:32 +0000] [606426] [ERROR] Exception in worker process
Traceback (most recent call last):
  File "/home/munishlohani/test/ChatDKU/chatdku/.venv/lib/python3.12/site-packages/gunicorn/arbiter.py", line 608, in spawn_worker
    worker.init_process()
  File "/home/munishlohani/test/ChatDKU/chatdku/.venv/lib/python3.12/site-packages/gunicorn/workers/geventlet.py", line 142, in init_process
    super().init_process()
  File "/home/munishlohani/test/ChatDKU/chatdku/.venv/lib/python3.12/site-packages/gunicorn/workers/base.py", line 135, in init_process
    self.load_wsgi()
  File "/home/munishlohani/test/ChatDKU/chatdku/.venv/lib/python3.12/site-packages/gunicorn/workers/base.py", line 147, in load_wsgi
    self.wsgi = self.app.wsgi()
                ^^^^^^^^^^^^^^^
  File "/home/munishlohani/test/ChatDKU/chatdku/.venv/lib/python3.12/site-packages/gunicorn/app/base.py", line 66, in wsgi
    self.callable = self.load()
                    ^^^^^^^^^^^
  File "/home/munishlohani/test/ChatDKU/chatdku/.venv/lib/python3.12/site-packages/gunicorn/app/wsgiapp.py", line 57, in load
    return self.load_wsgiapp()
           ^^^^^^^^^^^^^^^^^^^
  File "/home/munishlohani/test/ChatDKU/chatdku/.venv/lib/python3.12/site-packages/gunicorn/app/wsgiapp.py", line 47, in load_wsgiapp
    return util.import_app(self.app_uri)
           ^^^^^^^^^^^^^^^^^^^^^^^^^^^^^
  File "/home/munishlohani/test/ChatDKU/chatdku/.venv/lib/python3.12/site-packages/gunicorn/util.py", line 370, in import_app
    mod = importlib.import_module(module)
          ^^^^^^^^^^^^^^^^^^^^^^^^^^^^^^^
  File "/usr/lib/python3.12/importlib/__init__.py", line 90, in import_module
    return _bootstrap._gcd_import(name[level:], package, level)
           ^^^^^^^^^^^^^^^^^^^^^^^^^^^^^^^^^^^^^^^^^^^^^^^^^^^^
  File "<frozen importlib._bootstrap>", line 1387, in _gcd_import
  File "<frozen importlib._bootstrap>", line 1360, in _find_and_load
  File "<frozen importlib._bootstrap>", line 1324, in _find_and_load_unlocked
ModuleNotFoundError: No module named 'app'
[2025-05-29 18:11:32 +0000] [606426] [INFO] Worker exiting (pid: 606426)
[2025-05-29 18:11:32 +0000] [606427] [ERROR] Exception in worker process
Traceback (most recent call last):
  File "/home/munishlohani/test/ChatDKU/chatdku/.venv/lib/python3.12/site-packages/gunicorn/arbiter.py", line 608, in spawn_worker
    worker.init_process()
  File "/home/munishlohani/test/ChatDKU/chatdku/.venv/lib/python3.12/site-packages/gunicorn/workers/geventlet.py", line 142, in init_process
    super().init_process()
  File "/home/munishlohani/test/ChatDKU/chatdku/.venv/lib/python3.12/site-packages/gunicorn/workers/base.py", line 135, in init_process
    self.load_wsgi()
  File "/home/munishlohani/test/ChatDKU/chatdku/.venv/lib/python3.12/site-packages/gunicorn/workers/base.py", line 147, in load_wsgi
    self.wsgi = self.app.wsgi()
                ^^^^^^^^^^^^^^^
  File "/home/munishlohani/test/ChatDKU/chatdku/.venv/lib/python3.12/site-packages/gunicorn/app/base.py", line 66, in wsgi
    self.callable = self.load()
                    ^^^^^^^^^^^
  File "/home/munishlohani/test/ChatDKU/chatdku/.venv/lib/python3.12/site-packages/gunicorn/app/wsgiapp.py", line 57, in load
    return self.load_wsgiapp()
           ^^^^^^^^^^^^^^^^^^^
  File "/home/munishlohani/test/ChatDKU/chatdku/.venv/lib/python3.12/site-packages/gunicorn/app/wsgiapp.py", line 47, in load_wsgiapp
    return util.import_app(self.app_uri)
           ^^^^^^^^^^^^^^^^^^^^^^^^^^^^^
  File "/home/munishlohani/test/ChatDKU/chatdku/.venv/lib/python3.12/site-packages/gunicorn/util.py", line 370, in import_app
    mod = importlib.import_module(module)
          ^^^^^^^^^^^^^^^^^^^^^^^^^^^^^^^
  File "/usr/lib/python3.12/importlib/__init__.py", line 90, in import_module
    return _bootstrap._gcd_import(name[level:], package, level)
           ^^^^^^^^^^^^^^^^^^^^^^^^^^^^^^^^^^^^^^^^^^^^^^^^^^^^
  File "<frozen importlib._bootstrap>", line 1387, in _gcd_import
  File "<frozen importlib._bootstrap>", line 1360, in _find_and_load
  File "<frozen importlib._bootstrap>", line 1324, in _find_and_load_unlocked
ModuleNotFoundError: No module named 'app'
[2025-05-29 18:11:32 +0000] [606427] [INFO] Worker exiting (pid: 606427)
[2025-05-29 18:11:32 +0000] [606424] [ERROR] Worker (pid:606426) exited with code 3
Traceback (most recent call last):
  File "/home/munishlohani/test/ChatDKU/chatdku/.venv/lib/python3.12/site-packages/gunicorn/arbiter.py", line 201, in run
    self.manage_workers()
  File "/home/munishlohani/test/ChatDKU/chatdku/.venv/lib/python3.12/site-packages/gunicorn/arbiter.py", line 570, in manage_workers
    self.spawn_workers()
  File "/home/munishlohani/test/ChatDKU/chatdku/.venv/lib/python3.12/site-packages/gunicorn/arbiter.py", line 642, in spawn_workers
    time.sleep(0.1 * random.random())
  File "/home/munishlohani/test/ChatDKU/chatdku/.venv/lib/python3.12/site-packages/gunicorn/arbiter.py", line 241, in handle_chld
    self.reap_workers()
  File "/home/munishlohani/test/ChatDKU/chatdku/.venv/lib/python3.12/site-packages/gunicorn/arbiter.py", line 529, in reap_workers
    raise HaltServer(reason, self.WORKER_BOOT_ERROR)
gunicorn.errors.HaltServer: <HaltServer 'Worker failed to boot.' 3>

During handling of the above exception, another exception occurred:

Traceback (most recent call last):
  File "/home/munishlohani/test/ChatDKU/chatdku/.venv/bin/gunicorn", line 8, in <module>
    sys.exit(run())
             ^^^^^
  File "/home/munishlohani/test/ChatDKU/chatdku/.venv/lib/python3.12/site-packages/gunicorn/app/wsgiapp.py", line 66, in run
    WSGIApplication("%(prog)s [OPTIONS] [APP_MODULE]", prog=prog).run()
  File "/home/munishlohani/test/ChatDKU/chatdku/.venv/lib/python3.12/site-packages/gunicorn/app/base.py", line 235, in run
    super().run()
  File "/home/munishlohani/test/ChatDKU/chatdku/.venv/lib/python3.12/site-packages/gunicorn/app/base.py", line 71, in run
    Arbiter(self).run()
  File "/home/munishlohani/test/ChatDKU/chatdku/.venv/lib/python3.12/site-packages/gunicorn/arbiter.py", line 228, in run
    self.halt(reason=inst.reason, exit_status=inst.exit_status)
  File "/home/munishlohani/test/ChatDKU/chatdku/.venv/lib/python3.12/site-packages/gunicorn/arbiter.py", line 341, in halt
    self.stop()
  File "/home/munishlohani/test/ChatDKU/chatdku/.venv/lib/python3.12/site-packages/gunicorn/arbiter.py", line 395, in stop
    time.sleep(0.1)
  File "/home/munishlohani/test/ChatDKU/chatdku/.venv/lib/python3.12/site-packages/gunicorn/arbiter.py", line 241, in handle_chld
    self.reap_workers()
  File "/home/munishlohani/test/ChatDKU/chatdku/.venv/lib/python3.12/site-packages/gunicorn/arbiter.py", line 529, in reap_workers
    raise HaltServer(reason, self.WORKER_BOOT_ERROR)
gunicorn.errors.HaltServer: <HaltServer 'Worker failed to boot.' 3>
[2025-05-29 18:11:32 +0000] [606428] [ERROR] Exception in worker process
Traceback (most recent call last):
  File "/home/munishlohani/test/ChatDKU/chatdku/.venv/lib/python3.12/site-packages/gunicorn/arbiter.py", line 608, in spawn_worker
    worker.init_process()
  File "/home/munishlohani/test/ChatDKU/chatdku/.venv/lib/python3.12/site-packages/gunicorn/workers/geventlet.py", line 142, in init_process
    super().init_process()
  File "/home/munishlohani/test/ChatDKU/chatdku/.venv/lib/python3.12/site-packages/gunicorn/workers/base.py", line 135, in init_process
    self.load_wsgi()
  File "/home/munishlohani/test/ChatDKU/chatdku/.venv/lib/python3.12/site-packages/gunicorn/workers/base.py", line 147, in load_wsgi
    self.wsgi = self.app.wsgi()
                ^^^^^^^^^^^^^^^
  File "/home/munishlohani/test/ChatDKU/chatdku/.venv/lib/python3.12/site-packages/gunicorn/app/base.py", line 66, in wsgi
    self.callable = self.load()
                    ^^^^^^^^^^^
  File "/home/munishlohani/test/ChatDKU/chatdku/.venv/lib/python3.12/site-packages/gunicorn/app/wsgiapp.py", line 57, in load
    return self.load_wsgiapp()
           ^^^^^^^^^^^^^^^^^^^
  File "/home/munishlohani/test/ChatDKU/chatdku/.venv/lib/python3.12/site-packages/gunicorn/app/wsgiapp.py", line 47, in load_wsgiapp
    return util.import_app(self.app_uri)
           ^^^^^^^^^^^^^^^^^^^^^^^^^^^^^
  File "/home/munishlohani/test/ChatDKU/chatdku/.venv/lib/python3.12/site-packages/gunicorn/util.py", line 370, in import_app
    mod = importlib.import_module(module)
          ^^^^^^^^^^^^^^^^^^^^^^^^^^^^^^^
  File "/usr/lib/python3.12/importlib/__init__.py", line 90, in import_module
    return _bootstrap._gcd_import(name[level:], package, level)
           ^^^^^^^^^^^^^^^^^^^^^^^^^^^^^^^^^^^^^^^^^^^^^^^^^^^^
  File "<frozen importlib._bootstrap>", line 1387, in _gcd_import
  File "<frozen importlib._bootstrap>", line 1360, in _find_and_load
  File "<frozen importlib._bootstrap>", line 1324, in _find_and_load_unlocked
ModuleNotFoundError: No module named 'app'
[2025-05-29 18:11:32 +0000] [606428] [INFO] Worker exiting (pid: 606428)
